INFO:root:started
INFO:root:STEP: 0, REWARD: [0. 0.], TERMINATED: False, TRUNCATED: False, AGENTS DONE: {'which_agents_done': {0: False, 1: False}, 'which_agents_learning': {0: True, 1: False}}
INFO:root:STEP: 1, REWARD: [0. 0.], TERMINATED: False, TRUNCATED: False, AGENTS DONE: {'which_agents_done': {0: False, 1: False}, 'which_agents_learning': {0: True, 1: False}}
INFO:root:STEP: 2, REWARD: [0. 0.], TERMINATED: False, TRUNCATED: False, AGENTS DONE: {'which_agents_done': {0: False, 1: False}, 'which_agents_learning': {0: True, 1: False}}
INFO:root:STEP: 3, REWARD: [0. 0.], TERMINATED: False, TRUNCATED: False, AGENTS DONE: {'which_agents_done': {0: False, 1: False}, 'which_agents_learning': {0: True, 1: False}}
DEBUG:matplotlib.pyplot:Loaded backend agg version v2.2.
DEBUG:matplotlib.font_manager:findfont: Matching sans\-serif:style=normal:variant=normal:weight=normal:stretch=normal:size=24.0.
DEBUG:matplotlib.font_manager:findfont: score(FontEntry(fname='/work/flemingc/gjbecker/gym_ca_data_gen/venv/lib/python3.10/site-packages/matplotlib/mpl-data/fonts/ttf/STIXGeneralBolIta.ttf', name='STIXGeneral', style='italic', variant='normal', weight=700, stretch='normal', size='scalable')) = 11.335
DEBUG:matplotlib.font_manager:findfont: score(FontEntry(fname='/work/flemingc/gjbecker/gym_ca_data_gen/venv/lib/python3.10/site-packages/matplotlib/mpl-data/fonts/ttf/STIXNonUniIta.ttf', name='STIXNonUnicode', style='italic', variant='normal', weight=400, stretch='normal', size='scalable')) = 11.05
DEBUG:matplotlib.font_manager:findfont: score(FontEntry(fname='/work/flemingc/gjbecker/gym_ca_data_gen/venv/lib/python3.10/site-packages/matplotlib/mpl-data/fonts/ttf/STIXGeneral.ttf', name='STIXGeneral', style='normal', variant='normal', weight=400, stretch='normal', size='scalable')) = 10.05
DEBUG:matplotlib.font_manager:findfont: score(FontEntry(fname='/work/flemingc/gjbecker/gym_ca_data_gen/venv/lib/python3.10/site-packages/matplotlib/mpl-data/fonts/ttf/STIXSizTwoSymReg.ttf', name='STIXSizeTwoSym', style='normal', variant='normal', weight=400, stretch='normal', size='scalable')) = 10.05
DEBUG:matplotlib.font_manager:findfont: score(FontEntry(fname='/work/flemingc/gjbecker/gym_ca_data_gen/venv/lib/python3.10/site-packages/matplotlib/mpl-data/fonts/ttf/DejaVuSansMono-BoldOblique.ttf', name='DejaVu Sans Mono', style='oblique', variant='normal', weight=700, stretch='normal', size='scalable')) = 11.335
DEBUG:matplotlib.font_manager:findfont: score(FontEntry(fname='/work/flemingc/gjbecker/gym_ca_data_gen/venv/lib/python3.10/site-packages/matplotlib/mpl-data/fonts/ttf/cmss10.ttf', name='cmss10', style='normal', variant='normal', weight=400, stretch='normal', size='scalable')) = 10.05
DEBUG:matplotlib.font_manager:findfont: score(FontEntry(fname='/work/flemingc/gjbecker/gym_ca_data_gen/venv/lib/python3.10/site-packages/matplotlib/mpl-data/fonts/ttf/STIXNonUniBolIta.ttf', name='STIXNonUnicode', style='italic', variant='normal', weight=700, stretch='normal', size='scalable')) = 11.335
DEBUG:matplotlib.font_manager:findfont: score(FontEntry(fname='/work/flemingc/gjbecker/gym_ca_data_gen/venv/lib/python3.10/site-packages/matplotlib/mpl-data/fonts/ttf/cmmi10.ttf', name='cmmi10', style='normal', variant='normal', weight=400, stretch='normal', size='scalable')) = 10.05
DEBUG:matplotlib.font_manager:findfont: score(FontEntry(fname='/work/flemingc/gjbecker/gym_ca_data_gen/venv/lib/python3.10/site-packages/matplotlib/mpl-data/fonts/ttf/cmb10.ttf', name='cmb10', style='normal', variant='normal', weight=400, stretch='normal', size='scalable')) = 10.05
DEBUG:matplotlib.font_manager:findfont: score(FontEntry(fname='/work/flemingc/gjbecker/gym_ca_data_gen/venv/lib/python3.10/site-packages/matplotlib/mpl-data/fonts/ttf/STIXNonUniBol.ttf', name='STIXNonUnicode', style='normal', variant='normal', weight=700, stretch='normal', size='scalable')) = 10.335
DEBUG:matplotlib.font_manager:findfont: score(FontEntry(fname='/work/flemingc/gjbecker/gym_ca_data_gen/venv/lib/python3.10/site-packages/matplotlib/mpl-data/fonts/ttf/STIXGeneralBol.ttf', name='STIXGeneral', style='normal', variant='normal', weight=700, stretch='normal', size='scalable')) = 10.335
DEBUG:matplotlib.font_manager:findfont: score(FontEntry(fname='/work/flemingc/gjbecker/gym_ca_data_gen/venv/lib/python3.10/site-packages/matplotlib/mpl-data/fonts/ttf/STIXSizFiveSymReg.ttf', name='STIXSizeFiveSym', style='normal', variant='normal', weight=400, stretch='normal', size='scalable')) = 10.05
DEBUG:matplotlib.font_manager:findfont: score(FontEntry(fname='/work/flemingc/gjbecker/gym_ca_data_gen/venv/lib/python3.10/site-packages/matplotlib/mpl-data/fonts/ttf/cmex10.ttf', name='cmex10', style='normal', variant='normal', weight=400, stretch='normal', size='scalable')) = 10.05
DEBUG:matplotlib.font_manager:findfont: score(FontEntry(fname='/work/flemingc/gjbecker/gym_ca_data_gen/venv/lib/python3.10/site-packages/matplotlib/mpl-data/fonts/ttf/DejaVuSerif-Bold.ttf', name='DejaVu Serif', style='normal', variant='normal', weight=700, stretch='normal', size='scalable')) = 10.335
DEBUG:matplotlib.font_manager:findfont: score(FontEntry(fname='/work/flemingc/gjbecker/gym_ca_data_gen/venv/lib/python3.10/site-packages/matplotlib/mpl-data/fonts/ttf/STIXSizThreeSymBol.ttf', name='STIXSizeThreeSym', style='normal', variant='normal', weight=700, stretch='normal', size='scalable')) = 10.335
DEBUG:matplotlib.font_manager:findfont: score(FontEntry(fname='/work/flemingc/gjbecker/gym_ca_data_gen/venv/lib/python3.10/site-packages/matplotlib/mpl-data/fonts/ttf/DejaVuSans-Oblique.ttf', name='DejaVu Sans', style='oblique', variant='normal', weight=400, stretch='normal', size='scalable')) = 1.05
DEBUG:matplotlib.font_manager:findfont: score(FontEntry(fname='/work/flemingc/gjbecker/gym_ca_data_gen/venv/lib/python3.10/site-packages/matplotlib/mpl-data/fonts/ttf/DejaVuSansMono-Bold.ttf', name='DejaVu Sans Mono', style='normal', variant='normal', weight=700, stretch='normal', size='scalable')) = 10.335
DEBUG:matplotlib.font_manager:findfont: score(FontEntry(fname='/work/flemingc/gjbecker/gym_ca_data_gen/venv/lib/python3.10/site-packages/matplotlib/mpl-data/fonts/ttf/DejaVuSans-Bold.ttf', name='DejaVu Sans', style='normal', variant='normal', weight=700, stretch='normal', size='scalable')) = 0.33499999999999996
DEBUG:matplotlib.font_manager:findfont: score(FontEntry(fname='/work/flemingc/gjbecker/gym_ca_data_gen/venv/lib/python3.10/site-packages/matplotlib/mpl-data/fonts/ttf/STIXSizThreeSymReg.ttf', name='STIXSizeThreeSym', style='normal', variant='normal', weight=400, stretch='normal', size='scalable')) = 10.05
DEBUG:matplotlib.font_manager:findfont: score(FontEntry(fname='/work/flemingc/gjbecker/gym_ca_data_gen/venv/lib/python3.10/site-packages/matplotlib/mpl-data/fonts/ttf/STIXGeneralItalic.ttf', name='STIXGeneral', style='italic', variant='normal', weight=400, stretch='normal', size='scalable')) = 11.05
DEBUG:matplotlib.font_manager:findfont: score(FontEntry(fname='/work/flemingc/gjbecker/gym_ca_data_gen/venv/lib/python3.10/site-packages/matplotlib/mpl-data/fonts/ttf/DejaVuSansMono.ttf', name='DejaVu Sans Mono', style='normal', variant='normal', weight=400, stretch='normal', size='scalable')) = 10.05
DEBUG:matplotlib.font_manager:findfont: score(FontEntry(fname='/work/flemingc/gjbecker/gym_ca_data_gen/venv/lib/python3.10/site-packages/matplotlib/mpl-data/fonts/ttf/cmsy10.ttf', name='cmsy10', style='normal', variant='normal', weight=400, stretch='normal', size='scalable')) = 10.05
DEBUG:matplotlib.font_manager:findfont: score(FontEntry(fname='/work/flemingc/gjbecker/gym_ca_data_gen/venv/lib/python3.10/site-packages/matplotlib/mpl-data/fonts/ttf/DejaVuSerif.ttf', name='DejaVu Serif', style='normal', variant='normal', weight=400, stretch='normal', size='scalable')) = 10.05
DEBUG:matplotlib.font_manager:findfont: score(FontEntry(fname='/work/flemingc/gjbecker/gym_ca_data_gen/venv/lib/python3.10/site-packages/matplotlib/mpl-data/fonts/ttf/DejaVuSerif-BoldItalic.ttf', name='DejaVu Serif', style='italic', variant='normal', weight=700, stretch='normal', size='scalable')) = 11.335
DEBUG:matplotlib.font_manager:findfont: score(FontEntry(fname='/work/flemingc/gjbecker/gym_ca_data_gen/venv/lib/python3.10/site-packages/matplotlib/mpl-data/fonts/ttf/DejaVuSans.ttf', name='DejaVu Sans', style='normal', variant='normal', weight=400, stretch='normal', size='scalable')) = 0.05
DEBUG:matplotlib.font_manager:findfont: score(FontEntry(fname='/work/flemingc/gjbecker/gym_ca_data_gen/venv/lib/python3.10/site-packages/matplotlib/mpl-data/fonts/ttf/STIXSizTwoSymBol.ttf', name='STIXSizeTwoSym', style='normal', variant='normal', weight=700, stretch='normal', size='scalable')) = 10.335
DEBUG:matplotlib.font_manager:findfont: score(FontEntry(fname='/work/flemingc/gjbecker/gym_ca_data_gen/venv/lib/python3.10/site-packages/matplotlib/mpl-data/fonts/ttf/DejaVuSansDisplay.ttf', name='DejaVu Sans Display', style='normal', variant='normal', weight=400, stretch='normal', size='scalable')) = 10.05
DEBUG:matplotlib.font_manager:findfont: score(FontEntry(fname='/work/flemingc/gjbecker/gym_ca_data_gen/venv/lib/python3.10/site-packages/matplotlib/mpl-data/fonts/ttf/STIXSizOneSymReg.ttf', name='STIXSizeOneSym', style='normal', variant='normal', weight=400, stretch='normal', size='scalable')) = 10.05
DEBUG:matplotlib.font_manager:findfont: score(FontEntry(fname='/work/flemingc/gjbecker/gym_ca_data_gen/venv/lib/python3.10/site-packages/matplotlib/mpl-data/fonts/ttf/STIXNonUni.ttf', name='STIXNonUnicode', style='normal', variant='normal', weight=400, stretch='normal', size='scalable')) = 10.05
DEBUG:matplotlib.font_manager:findfont: score(FontEntry(fname='/work/flemingc/gjbecker/gym_ca_data_gen/venv/lib/python3.10/site-packages/matplotlib/mpl-data/fonts/ttf/DejaVuSerif-Italic.ttf', name='DejaVu Serif', style='italic', variant='normal', weight=400, stretch='normal', size='scalable')) = 11.05
DEBUG:matplotlib.font_manager:findfont: score(FontEntry(fname='/work/flemingc/gjbecker/gym_ca_data_gen/venv/lib/python3.10/site-packages/matplotlib/mpl-data/fonts/ttf/DejaVuSerifDisplay.ttf', name='DejaVu Serif Display', style='normal', variant='normal', weight=400, stretch='normal', size='scalable')) = 10.05
DEBUG:matplotlib.font_manager:findfont: score(FontEntry(fname='/work/flemingc/gjbecker/gym_ca_data_gen/venv/lib/python3.10/site-packages/matplotlib/mpl-data/fonts/ttf/cmtt10.ttf', name='cmtt10', style='normal', variant='normal', weight=400, stretch='normal', size='scalable')) = 10.05
DEBUG:matplotlib.font_manager:findfont: score(FontEntry(fname='/work/flemingc/gjbecker/gym_ca_data_gen/venv/lib/python3.10/site-packages/matplotlib/mpl-data/fonts/ttf/STIXSizOneSymBol.ttf', name='STIXSizeOneSym', style='normal', variant='normal', weight=700, stretch='normal', size='scalable')) = 10.335
DEBUG:matplotlib.font_manager:findfont: score(FontEntry(fname='/work/flemingc/gjbecker/gym_ca_data_gen/venv/lib/python3.10/site-packages/matplotlib/mpl-data/fonts/ttf/DejaVuSans-BoldOblique.ttf', name='DejaVu Sans', style='oblique', variant='normal', weight=700, stretch='normal', size='scalable')) = 1.335
DEBUG:matplotlib.font_manager:findfont: score(FontEntry(fname='/work/flemingc/gjbecker/gym_ca_data_gen/venv/lib/python3.10/site-packages/matplotlib/mpl-data/fonts/ttf/DejaVuSansMono-Oblique.ttf', name='DejaVu Sans Mono', style='oblique', variant='normal', weight=400, stretch='normal', size='scalable')) = 11.05
DEBUG:matplotlib.font_manager:findfont: score(FontEntry(fname='/work/flemingc/gjbecker/gym_ca_data_gen/venv/lib/python3.10/site-packages/matplotlib/mpl-data/fonts/ttf/STIXSizFourSymReg.ttf', name='STIXSizeFourSym', style='normal', variant='normal', weight=400, stretch='normal', size='scalable')) = 10.05
DEBUG:matplotlib.font_manager:findfont: score(FontEntry(fname='/work/flemingc/gjbecker/gym_ca_data_gen/venv/lib/python3.10/site-packages/matplotlib/mpl-data/fonts/ttf/STIXSizFourSymBol.ttf', name='STIXSizeFourSym', style='normal', variant='normal', weight=700, stretch='normal', size='scalable')) = 10.335
DEBUG:matplotlib.font_manager:findfont: score(FontEntry(fname='/work/flemingc/gjbecker/gym_ca_data_gen/venv/lib/python3.10/site-packages/matplotlib/mpl-data/fonts/ttf/cmr10.ttf', name='cmr10', style='normal', variant='normal', weight=400, stretch='normal', size='scalable')) = 10.05
DEBUG:matplotlib.font_manager:findfont: score(FontEntry(fname='/usr/share/fonts/google-droid-sans-fonts/DroidSansEthiopic-Regular.ttf', name='Droid Sans Ethiopic', style='normal', variant='normal', weight=400, stretch='normal', size='scalable')) = 10.05
DEBUG:matplotlib.font_manager:findfont: score(FontEntry(fname='/usr/share/fonts/urw-base35/Z003-MediumItalic.otf', name='Z003', style='italic', variant='normal', weight=500, stretch='normal', size='scalable')) = 11.145
DEBUG:matplotlib.font_manager:findfont: score(FontEntry(fname='/usr/share/fonts/google-droid-sans-fonts/DroidSansGeorgian.ttf', name='Droid Sans Georgian', style='normal', variant='normal', weight=400, stretch='normal', size='scalable')) = 10.05
DEBUG:matplotlib.font_manager:findfont: score(FontEntry(fname='/usr/share/fonts/google-droid-sans-fonts/DroidSansTamil-Regular.ttf', name='Droid Sans Tamil', style='normal', variant='normal', weight=400, stretch='normal', size='scalable')) = 10.05
DEBUG:matplotlib.font_manager:findfont: score(FontEntry(fname='/usr/share/fonts/google-droid-sans-fonts/DroidSansFallbackFull.ttf', name='Droid Sans Fallback', style='normal', variant='normal', weight=400, stretch='normal', size='scalable')) = 10.05
DEBUG:matplotlib.font_manager:findfont: score(FontEntry(fname='/usr/share/fonts/adobe-source-code-pro/SourceCodePro-ExtraLightIt.otf', name='Source Code Pro', style='italic', variant='normal', weight=200, stretch='normal', size='scalable')) = 11.24
DEBUG:matplotlib.font_manager:findfont: score(FontEntry(fname='/usr/share/fonts/google-droid-sans-fonts/DroidSansJapanese.ttf', name='Droid Sans Japanese', style='normal', variant='normal', weight=400, stretch='normal', size='scalable')) = 10.05
DEBUG:matplotlib.font_manager:findfont: score(FontEntry(fname='/usr/share/fonts/urw-base35/NimbusSans-Bold.otf', name='Nimbus Sans', style='normal', variant='normal', weight=700, stretch='normal', size='scalable')) = 10.335
DEBUG:matplotlib.font_manager:findfont: score(FontEntry(fname='/usr/share/fonts/urw-base35/NimbusRoman-BoldItalic.otf', name='Nimbus Roman', style='italic', variant='normal', weight=700, stretch='normal', size='scalable')) = 11.335
DEBUG:matplotlib.font_manager:findfont: score(FontEntry(fname='/usr/share/fonts/urw-base35/D050000L.otf', name='D050000L', style='normal', variant='normal', weight=400, stretch='normal', size='scalable')) = 10.05
DEBUG:matplotlib.font_manager:findfont: score(FontEntry(fname='/usr/share/fonts/urw-base35/NimbusRoman-Bold.otf', name='Nimbus Roman', style='normal', variant='normal', weight=700, stretch='normal', size='scalable')) = 10.335
DEBUG:matplotlib.font_manager:findfont: score(FontEntry(fname='/usr/share/fonts/urw-base35/P052-BoldItalic.otf', name='P052', style='italic', variant='normal', weight=700, stretch='normal', size='scalable')) = 11.335
DEBUG:matplotlib.font_manager:findfont: score(FontEntry(fname='/usr/share/fonts/google-droid-sans-fonts/DroidSansHebrew-Bold.ttf', name='Droid Sans Hebrew', style='normal', variant='normal', weight=600, stretch='normal', size='scalable')) = 10.24
DEBUG:matplotlib.font_manager:findfont: score(FontEntry(fname='/usr/share/fonts/urw-base35/NimbusMonoPS-Italic.otf', name='Nimbus Mono PS', style='italic', variant='normal', weight=400, stretch='normal', size='scalable')) = 11.05
DEBUG:matplotlib.font_manager:findfont: score(FontEntry(fname='/usr/share/fonts/google-droid-sans-fonts/DroidSansHebrew-Regular.ttf', name='Droid Sans Hebrew', style='normal', variant='normal', weight=400, stretch='normal', size='scalable')) = 10.05
DEBUG:matplotlib.font_manager:findfont: score(FontEntry(fname='/usr/share/fonts/cantarell/Cantarell-Bold.otf', name='Cantarell', style='normal', variant='normal', weight=700, stretch='normal', size='scalable')) = 10.335
DEBUG:matplotlib.font_manager:findfont: score(FontEntry(fname='/usr/share/fonts/google-droid-sans-fonts/DroidSans-Bold.ttf', name='Droid Sans', style='normal', variant='normal', weight=700, stretch='normal', size='scalable')) = 10.335
DEBUG:matplotlib.font_manager:findfont: score(FontEntry(fname='/usr/share/fonts/urw-base35/URWGothic-Demi.otf', name='URW Gothic', style='normal', variant='normal', weight=600, stretch='normal', size='scalable')) = 10.24
DEBUG:matplotlib.font_manager:findfont: score(FontEntry(fname='/usr/share/fonts/urw-base35/NimbusSans-BoldItalic.otf', name='Nimbus Sans', style='italic', variant='normal', weight=700, stretch='normal', size='scalable')) = 11.335
DEBUG:matplotlib.font_manager:findfont: score(FontEntry(fname='/usr/share/fonts/dejavu-sans-mono-fonts/DejaVuSansMono-Oblique.ttf', name='DejaVu Sans Mono', style='oblique', variant='normal', weight=400, stretch='normal', size='scalable')) = 11.05
DEBUG:matplotlib.font_manager:findfont: score(FontEntry(fname='/usr/share/fonts/dejavu-sans-mono-fonts/DejaVuSansMono.ttf', name='DejaVu Sans Mono', style='normal', variant='normal', weight=400, stretch='normal', size='scalable')) = 10.05
DEBUG:matplotlib.font_manager:findfont: score(FontEntry(fname='/usr/share/fonts/dejavu-sans-mono-fonts/DejaVuSansMono-BoldOblique.ttf', name='DejaVu Sans Mono', style='oblique', variant='normal', weight=700, stretch='normal', size='scalable')) = 11.335
DEBUG:matplotlib.font_manager:findfont: score(FontEntry(fname='/usr/share/fonts/urw-base35/C059-Roman.otf', name='C059', style='normal', variant='normal', weight=400, stretch='normal', size='scalable')) = 10.05
DEBUG:matplotlib.font_manager:findfont: score(FontEntry(fname='/usr/share/fonts/dejavu-sans-fonts/DejaVuSans.ttf', name='DejaVu Sans', style='normal', variant='normal', weight=400, stretch='normal', size='scalable')) = 0.05
DEBUG:matplotlib.font_manager:findfont: score(FontEntry(fname='/usr/share/fonts/google-droid-sans-fonts/DroidKufi-Regular.ttf', name='Droid Arabic Kufi', style='normal', variant='normal', weight=400, stretch='normal', size='scalable')) = 10.05
DEBUG:matplotlib.font_manager:findfont: score(FontEntry(fname='/usr/share/fonts/adobe-source-code-pro/SourceCodePro-Black.otf', name='Source Code Pro', style='normal', variant='normal', weight=900, stretch='normal', size='scalable')) = 10.525
DEBUG:matplotlib.font_manager:findfont: score(FontEntry(fname='/usr/share/fonts/urw-base35/P052-Roman.otf', name='P052', style='normal', variant='normal', weight=400, stretch='normal', size='scalable')) = 10.05
DEBUG:matplotlib.font_manager:findfont: score(FontEntry(fname='/usr/share/fonts/adobe-source-code-pro/SourceCodePro-Medium.otf', name='Source Code Pro', style='normal', variant='normal', weight=500, stretch='normal', size='scalable')) = 10.145
DEBUG:matplotlib.font_manager:findfont: score(FontEntry(fname='/usr/share/fonts/google-droid-sans-fonts/DroidSansEthiopic-Bold.ttf', name='Droid Sans Ethiopic', style='normal', variant='normal', weight=700, stretch='normal', size='scalable')) = 10.335
DEBUG:matplotlib.font_manager:findfont: score(FontEntry(fname='/usr/share/fonts/adobe-source-code-pro/SourceCodePro-It.otf', name='Source Code Pro', style='italic', variant='normal', weight=400, stretch='normal', size='scalable')) = 11.05
DEBUG:matplotlib.font_manager:findfont: score(FontEntry(fname='/usr/share/fonts/urw-base35/NimbusRoman-Italic.otf', name='Nimbus Roman', style='italic', variant='normal', weight=400, stretch='normal', size='scalable')) = 11.05
DEBUG:matplotlib.font_manager:findfont: score(FontEntry(fname='/usr/share/fonts/dejavu-sans-fonts/DejaVuSansCondensed-Oblique.ttf', name='DejaVu Sans', style='oblique', variant='normal', weight=400, stretch='condensed', size='scalable')) = 1.25
DEBUG:matplotlib.font_manager:findfont: score(FontEntry(fname='/usr/share/fonts/urw-base35/NimbusSans-Italic.otf', name='Nimbus Sans', style='italic', variant='normal', weight=400, stretch='normal', size='scalable')) = 11.05
DEBUG:matplotlib.font_manager:findfont: score(FontEntry(fname='/usr/share/fonts/urw-base35/C059-BdIta.otf', name='C059', style='italic', variant='normal', weight=700, stretch='normal', size='scalable')) = 11.335
DEBUG:matplotlib.font_manager:findfont: score(FontEntry(fname='/usr/share/fonts/urw-base35/C059-Italic.otf', name='C059', style='italic', variant='normal', weight=400, stretch='normal', size='scalable')) = 11.05
DEBUG:matplotlib.font_manager:findfont: score(FontEntry(fname='/usr/share/fonts/adobe-source-code-pro/SourceCodePro-SemiboldIt.otf', name='Source Code Pro', style='italic', variant='normal', weight=600, stretch='normal', size='scalable')) = 11.24
DEBUG:matplotlib.font_manager:findfont: score(FontEntry(fname='/usr/share/fonts/urw-base35/NimbusSansNarrow-BoldOblique.otf', name='Nimbus Sans Narrow', style='oblique', variant='normal', weight=700, stretch='condensed', size='scalable')) = 11.535
DEBUG:matplotlib.font_manager:findfont: score(FontEntry(fname='/usr/share/fonts/google-droid-sans-fonts/DroidSansArmenian.ttf', name='Droid Sans Armenian', style='normal', variant='normal', weight=400, stretch='normal', size='scalable')) = 10.05
DEBUG:matplotlib.font_manager:findfont: score(FontEntry(fname='/usr/share/fonts/urw-base35/P052-Italic.otf', name='P052', style='italic', variant='normal', weight=400, stretch='normal', size='scalable')) = 11.05
DEBUG:matplotlib.font_manager:findfont: score(FontEntry(fname='/usr/share/fonts/google-droid-sans-fonts/DroidSansDevanagari-Regular.ttf', name='Droid Sans Devanagari', style='normal', variant='normal', weight=400, stretch='normal', size='scalable')) = 10.05
DEBUG:matplotlib.font_manager:findfont: score(FontEntry(fname='/usr/share/fonts/dejavu-sans-fonts/DejaVuSans-Oblique.ttf', name='DejaVu Sans', style='oblique', variant='normal', weight=400, stretch='normal', size='scalable')) = 1.05
DEBUG:matplotlib.font_manager:findfont: score(FontEntry(fname='/usr/share/fonts/urw-base35/NimbusMonoPS-Bold.otf', name='Nimbus Mono PS', style='normal', variant='normal', weight=700, stretch='normal', size='scalable')) = 10.335
DEBUG:matplotlib.font_manager:findfont: score(FontEntry(fname='/usr/share/fonts/cantarell/Cantarell-Regular.otf', name='Cantarell', style='normal', variant='normal', weight=400, stretch='normal', size='scalable')) = 10.05
DEBUG:matplotlib.font_manager:findfont: score(FontEntry(fname='/usr/share/fonts/dejavu-sans-fonts/DejaVuSans-BoldOblique.ttf', name='DejaVu Sans', style='oblique', variant='normal', weight=700, stretch='normal', size='scalable')) = 1.335
DEBUG:matplotlib.font_manager:findfont: score(FontEntry(fname='/usr/share/fonts/adobe-source-code-pro/SourceCodePro-BlackIt.otf', name='Source Code Pro', style='italic', variant='normal', weight=900, stretch='normal', size='scalable')) = 11.525
DEBUG:matplotlib.font_manager:findfont: score(FontEntry(fname='/usr/share/fonts/urw-base35/URWBookman-DemiItalic.otf', name='URW Bookman', style='italic', variant='normal', weight=600, stretch='normal', size='scalable')) = 11.24
DEBUG:matplotlib.font_manager:findfont: score(FontEntry(fname='/usr/share/fonts/urw-base35/URWGothic-DemiOblique.otf', name='URW Gothic', style='oblique', variant='normal', weight=600, stretch='normal', size='scalable')) = 11.24
DEBUG:matplotlib.font_manager:findfont: score(FontEntry(fname='/usr/share/fonts/google-droid-sans-fonts/DroidSansTamil-Bold.ttf', name='Droid Sans Tamil', style='normal', variant='normal', weight=700, stretch='normal', size='scalable')) = 10.335
DEBUG:matplotlib.font_manager:findfont: score(FontEntry(fname='/usr/share/fonts/adobe-source-code-pro/SourceCodePro-Regular.otf', name='Source Code Pro', style='normal', variant='normal', weight=400, stretch='normal', size='scalable')) = 10.05
DEBUG:matplotlib.font_manager:findfont: score(FontEntry(fname='/usr/share/fonts/adobe-source-code-pro/SourceCodePro-ExtraLight.otf', name='Source Code Pro', style='normal', variant='normal', weight=200, stretch='normal', size='scalable')) = 10.24
DEBUG:matplotlib.font_manager:findfont: score(FontEntry(fname='/usr/share/fonts/google-droid-sans-fonts/DroidKufi-Bold.ttf', name='Droid Arabic Kufi', style='normal', variant='normal', weight=700, stretch='normal', size='scalable')) = 10.335
DEBUG:matplotlib.font_manager:findfont: score(FontEntry(fname='/usr/share/fonts/dejavu-sans-fonts/DejaVuSansCondensed-BoldOblique.ttf', name='DejaVu Sans', style='oblique', variant='normal', weight=700, stretch='condensed', size='scalable')) = 1.535
DEBUG:matplotlib.font_manager:findfont: score(FontEntry(fname='/usr/share/fonts/urw-base35/NimbusRoman-Regular.otf', name='Nimbus Roman', style='normal', variant='normal', weight=400, stretch='normal', size='scalable')) = 10.05
DEBUG:matplotlib.font_manager:findfont: score(FontEntry(fname='/usr/share/fonts/urw-base35/NimbusMonoPS-Regular.otf', name='Nimbus Mono PS', style='normal', variant='normal', weight=400, stretch='normal', size='scalable')) = 10.05
DEBUG:matplotlib.font_manager:findfont: score(FontEntry(fname='/usr/share/fonts/adobe-source-code-pro/SourceCodePro-Bold.otf', name='Source Code Pro', style='normal', variant='normal', weight=700, stretch='normal', size='scalable')) = 10.335
DEBUG:matplotlib.font_manager:findfont: score(FontEntry(fname='/usr/share/fonts/urw-base35/NimbusSansNarrow-Bold.otf', name='Nimbus Sans Narrow', style='normal', variant='normal', weight=700, stretch='condensed', size='scalable')) = 10.535
DEBUG:matplotlib.font_manager:findfont: score(FontEntry(fname='/usr/share/fonts/google-droid-sans-fonts/DroidSans.ttf', name='Droid Sans', style='normal', variant='normal', weight=400, stretch='normal', size='scalable')) = 10.05
DEBUG:matplotlib.font_manager:findfont: score(FontEntry(fname='/usr/share/fonts/dejavu-sans-mono-fonts/DejaVuSansMono-Bold.ttf', name='DejaVu Sans Mono', style='normal', variant='normal', weight=700, stretch='normal', size='scalable')) = 10.335
DEBUG:matplotlib.font_manager:findfont: score(FontEntry(fname='/usr/share/fonts/urw-base35/C059-Bold.otf', name='C059', style='normal', variant='normal', weight=700, stretch='normal', size='scalable')) = 10.335
DEBUG:matplotlib.font_manager:findfont: score(FontEntry(fname='/usr/share/fonts/urw-base35/URWBookman-Demi.otf', name='URW Bookman', style='normal', variant='normal', weight=600, stretch='normal', size='scalable')) = 10.24
DEBUG:matplotlib.font_manager:findfont: score(FontEntry(fname='/usr/share/fonts/urw-base35/URWBookman-LightItalic.otf', name='URW Bookman', style='italic', variant='normal', weight=300, stretch='normal', size='scalable')) = 11.145
DEBUG:matplotlib.font_manager:findfont: score(FontEntry(fname='/usr/share/fonts/cantarell/Cantarell-Thin.otf', name='Cantarell', style='normal', variant='normal', weight=100, stretch='normal', size='scalable')) = 10.335
DEBUG:matplotlib.font_manager:findfont: score(FontEntry(fname='/usr/share/fonts/dejavu-sans-fonts/DejaVuSans-Bold.ttf', name='DejaVu Sans', style='normal', variant='normal', weight=700, stretch='normal', size='scalable')) = 0.33499999999999996
DEBUG:matplotlib.font_manager:findfont: score(FontEntry(fname='/usr/share/fonts/urw-base35/URWGothic-Book.otf', name='URW Gothic', style='normal', variant='normal', weight=400, stretch='normal', size='scalable')) = 10.05
DEBUG:matplotlib.font_manager:findfont: score(FontEntry(fname='/usr/share/fonts/adobe-source-code-pro/SourceCodePro-LightIt.otf', name='Source Code Pro', style='italic', variant='normal', weight=300, stretch='normal', size='scalable')) = 11.145
DEBUG:matplotlib.font_manager:findfont: score(FontEntry(fname='/usr/share/fonts/urw-base35/P052-Bold.otf', name='P052', style='normal', variant='normal', weight=700, stretch='normal', size='scalable')) = 10.335
DEBUG:matplotlib.font_manager:findfont: score(FontEntry(fname='/usr/share/fonts/urw-base35/NimbusSansNarrow-Regular.otf', name='Nimbus Sans Narrow', style='normal', variant='normal', weight=400, stretch='condensed', size='scalable')) = 10.25
DEBUG:matplotlib.font_manager:findfont: score(FontEntry(fname='/usr/share/fonts/urw-base35/URWGothic-BookOblique.otf', name='URW Gothic', style='oblique', variant='normal', weight=400, stretch='normal', size='scalable')) = 11.05
DEBUG:matplotlib.font_manager:findfont: score(FontEntry(fname='/usr/share/fonts/cantarell/Cantarell-Light.otf', name='Cantarell', style='normal', variant='normal', weight=300, stretch='normal', size='scalable')) = 10.145
DEBUG:matplotlib.font_manager:findfont: score(FontEntry(fname='/usr/share/fonts/adobe-source-code-pro/SourceCodePro-BoldIt.otf', name='Source Code Pro', style='italic', variant='normal', weight=700, stretch='normal', size='scalable')) = 11.335
DEBUG:matplotlib.font_manager:findfont: score(FontEntry(fname='/usr/share/fonts/urw-base35/URWBookman-Light.otf', name='URW Bookman', style='normal', variant='normal', weight=300, stretch='normal', size='scalable')) = 10.145
DEBUG:matplotlib.font_manager:findfont: score(FontEntry(fname='/usr/share/fonts/urw-base35/NimbusSans-Regular.otf', name='Nimbus Sans', style='normal', variant='normal', weight=400, stretch='normal', size='scalable')) = 10.05
DEBUG:matplotlib.font_manager:findfont: score(FontEntry(fname='/usr/share/fonts/adobe-source-code-pro/SourceCodePro-Semibold.otf', name='Source Code Pro', style='normal', variant='normal', weight=600, stretch='normal', size='scalable')) = 10.24
DEBUG:matplotlib.font_manager:findfont: score(FontEntry(fname='/usr/share/fonts/urw-base35/NimbusSansNarrow-Oblique.otf', name='Nimbus Sans Narrow', style='oblique', variant='normal', weight=400, stretch='condensed', size='scalable')) = 11.25
DEBUG:matplotlib.font_manager:findfont: score(FontEntry(fname='/usr/share/fonts/cantarell/Cantarell-ExtraBold.otf', name='Cantarell', style='normal', variant='normal', weight=800, stretch='normal', size='scalable')) = 10.43
DEBUG:matplotlib.font_manager:findfont: score(FontEntry(fname='/usr/share/fonts/urw-base35/NimbusMonoPS-BoldItalic.otf', name='Nimbus Mono PS', style='italic', variant='normal', weight=700, stretch='normal', size='scalable')) = 11.335
DEBUG:matplotlib.font_manager:findfont: score(FontEntry(fname='/usr/share/fonts/adobe-source-code-pro/SourceCodePro-MediumIt.otf', name='Source Code Pro', style='italic', variant='normal', weight=500, stretch='normal', size='scalable')) = 11.145
DEBUG:matplotlib.font_manager:findfont: score(FontEntry(fname='/usr/share/fonts/dejavu-sans-fonts/DejaVuSansCondensed-Bold.ttf', name='DejaVu Sans', style='normal', variant='normal', weight=700, stretch='condensed', size='scalable')) = 0.5349999999999999
DEBUG:matplotlib.font_manager:findfont: score(FontEntry(fname='/usr/share/fonts/dejavu-sans-fonts/DejaVuSansCondensed.ttf', name='DejaVu Sans', style='normal', variant='normal', weight=400, stretch='condensed', size='scalable')) = 0.25
DEBUG:matplotlib.font_manager:findfont: score(FontEntry(fname='/usr/share/fonts/adobe-source-code-pro/SourceCodePro-Light.otf', name='Source Code Pro', style='normal', variant='normal', weight=300, stretch='normal', size='scalable')) = 10.145
DEBUG:matplotlib.font_manager:findfont: score(FontEntry(fname='/usr/share/fonts/dejavu-sans-fonts/DejaVuSans-ExtraLight.ttf', name='DejaVu Sans', style='normal', variant='normal', weight=200, stretch='normal', size='scalable')) = 0.24
DEBUG:matplotlib.font_manager:findfont: score(FontEntry(fname='/usr/share/fonts/google-droid-sans-fonts/DroidSansThai.ttf', name='Droid Sans Thai', style='normal', variant='normal', weight=400, stretch='normal', size='scalable')) = 10.05
DEBUG:matplotlib.font_manager:findfont: Matching sans\-serif:style=normal:variant=normal:weight=normal:stretch=normal:size=24.0 to DejaVu Sans ('/work/flemingc/gjbecker/gym_ca_data_gen/venv/lib/python3.10/site-packages/matplotlib/mpl-data/fonts/ttf/DejaVuSans.ttf') with score of 0.050000.
INFO:root:STEP: 4, REWARD: [0. 0.], TERMINATED: False, TRUNCATED: False, AGENTS DONE: {'which_agents_done': {0: False, 1: False}, 'which_agents_learning': {0: True, 1: False}}
INFO:root:STEP: 5, REWARD: [0. 0.], TERMINATED: False, TRUNCATED: False, AGENTS DONE: {'which_agents_done': {0: False, 1: False}, 'which_agents_learning': {0: True, 1: False}}
INFO:root:STEP: 6, REWARD: [0. 0.], TERMINATED: False, TRUNCATED: False, AGENTS DONE: {'which_agents_done': {0: False, 1: False}, 'which_agents_learning': {0: True, 1: False}}
INFO:root:STEP: 7, REWARD: [0. 0.], TERMINATED: False, TRUNCATED: False, AGENTS DONE: {'which_agents_done': {0: False, 1: False}, 'which_agents_learning': {0: True, 1: False}}
INFO:root:STEP: 8, REWARD: [0. 0.], TERMINATED: False, TRUNCATED: False, AGENTS DONE: {'which_agents_done': {0: False, 1: False}, 'which_agents_learning': {0: True, 1: False}}
INFO:root:STEP: 9, REWARD: [0. 0.], TERMINATED: False, TRUNCATED: False, AGENTS DONE: {'which_agents_done': {0: False, 1: False}, 'which_agents_learning': {0: True, 1: False}}
INFO:root:STEP: 10, REWARD: [0. 0.], TERMINATED: False, TRUNCATED: False, AGENTS DONE: {'which_agents_done': {0: False, 1: False}, 'which_agents_learning': {0: True, 1: False}}
INFO:root:STEP: 11, REWARD: [0. 0.], TERMINATED: False, TRUNCATED: False, AGENTS DONE: {'which_agents_done': {0: False, 1: False}, 'which_agents_learning': {0: True, 1: False}}
INFO:root:STEP: 12, REWARD: [0. 0.], TERMINATED: False, TRUNCATED: False, AGENTS DONE: {'which_agents_done': {0: False, 1: False}, 'which_agents_learning': {0: True, 1: False}}
INFO:root:STEP: 13, REWARD: [0. 0.], TERMINATED: False, TRUNCATED: False, AGENTS DONE: {'which_agents_done': {0: False, 1: False}, 'which_agents_learning': {0: True, 1: False}}
INFO:root:STEP: 14, REWARD: [0. 0.], TERMINATED: False, TRUNCATED: False, AGENTS DONE: {'which_agents_done': {0: False, 1: False}, 'which_agents_learning': {0: True, 1: False}}
INFO:root:STEP: 15, REWARD: [0. 0.], TERMINATED: False, TRUNCATED: False, AGENTS DONE: {'which_agents_done': {0: False, 1: False}, 'which_agents_learning': {0: True, 1: False}}
INFO:root:STEP: 16, REWARD: [0. 0.], TERMINATED: False, TRUNCATED: False, AGENTS DONE: {'which_agents_done': {0: False, 1: False}, 'which_agents_learning': {0: True, 1: False}}
INFO:root:STEP: 17, REWARD: [0. 0.], TERMINATED: False, TRUNCATED: False, AGENTS DONE: {'which_agents_done': {0: False, 1: False}, 'which_agents_learning': {0: True, 1: False}}
INFO:root:STEP: 18, REWARD: [0. 0.], TERMINATED: False, TRUNCATED: False, AGENTS DONE: {'which_agents_done': {0: False, 1: False}, 'which_agents_learning': {0: True, 1: False}}
INFO:root:STEP: 19, REWARD: [0. 0.], TERMINATED: False, TRUNCATED: False, AGENTS DONE: {'which_agents_done': {0: False, 1: False}, 'which_agents_learning': {0: True, 1: False}}
INFO:root:STEP: 20, REWARD: [0. 0.], TERMINATED: False, TRUNCATED: False, AGENTS DONE: {'which_agents_done': {0: False, 1: False}, 'which_agents_learning': {0: True, 1: False}}
INFO:root:STEP: 21, REWARD: [0. 0.], TERMINATED: False, TRUNCATED: False, AGENTS DONE: {'which_agents_done': {0: False, 1: False}, 'which_agents_learning': {0: True, 1: False}}
INFO:root:STEP: 22, REWARD: [0. 0.], TERMINATED: False, TRUNCATED: False, AGENTS DONE: {'which_agents_done': {0: False, 1: False}, 'which_agents_learning': {0: True, 1: False}}
INFO:root:STEP: 23, REWARD: [0. 0.], TERMINATED: False, TRUNCATED: False, AGENTS DONE: {'which_agents_done': {0: False, 1: False}, 'which_agents_learning': {0: True, 1: False}}
INFO:root:STEP: 24, REWARD: [0. 0.], TERMINATED: False, TRUNCATED: False, AGENTS DONE: {'which_agents_done': {0: False, 1: False}, 'which_agents_learning': {0: True, 1: False}}
INFO:root:STEP: 25, REWARD: [0. 0.], TERMINATED: False, TRUNCATED: False, AGENTS DONE: {'which_agents_done': {0: False, 1: False}, 'which_agents_learning': {0: True, 1: False}}
INFO:root:STEP: 26, REWARD: [0. 0.], TERMINATED: False, TRUNCATED: False, AGENTS DONE: {'which_agents_done': {0: False, 1: False}, 'which_agents_learning': {0: True, 1: False}}
INFO:root:STEP: 27, REWARD: [0. 0.], TERMINATED: False, TRUNCATED: False, AGENTS DONE: {'which_agents_done': {0: False, 1: False}, 'which_agents_learning': {0: True, 1: False}}
INFO:root:STEP: 28, REWARD: [0. 0.], TERMINATED: False, TRUNCATED: False, AGENTS DONE: {'which_agents_done': {0: False, 1: False}, 'which_agents_learning': {0: True, 1: False}}
INFO:root:STEP: 29, REWARD: [0. 0.], TERMINATED: False, TRUNCATED: False, AGENTS DONE: {'which_agents_done': {0: False, 1: False}, 'which_agents_learning': {0: True, 1: False}}
INFO:root:STEP: 30, REWARD: [0. 0.], TERMINATED: False, TRUNCATED: False, AGENTS DONE: {'which_agents_done': {0: False, 1: False}, 'which_agents_learning': {0: True, 1: False}}
INFO:root:STEP: 31, REWARD: [0. 0.], TERMINATED: False, TRUNCATED: False, AGENTS DONE: {'which_agents_done': {0: False, 1: False}, 'which_agents_learning': {0: True, 1: False}}
INFO:root:STEP: 32, REWARD: [0. 0.], TERMINATED: False, TRUNCATED: False, AGENTS DONE: {'which_agents_done': {0: False, 1: False}, 'which_agents_learning': {0: True, 1: False}}
INFO:root:STEP: 33, REWARD: [0. 0.], TERMINATED: False, TRUNCATED: False, AGENTS DONE: {'which_agents_done': {0: False, 1: False}, 'which_agents_learning': {0: True, 1: False}}
INFO:root:STEP: 34, REWARD: [0. 0.], TERMINATED: False, TRUNCATED: False, AGENTS DONE: {'which_agents_done': {0: False, 1: False}, 'which_agents_learning': {0: True, 1: False}}
INFO:root:STEP: 35, REWARD: [0. 0.], TERMINATED: False, TRUNCATED: False, AGENTS DONE: {'which_agents_done': {0: False, 1: False}, 'which_agents_learning': {0: True, 1: False}}
INFO:root:STEP: 36, REWARD: [0. 0.], TERMINATED: False, TRUNCATED: False, AGENTS DONE: {'which_agents_done': {0: False, 1: False}, 'which_agents_learning': {0: True, 1: False}}
INFO:root:STEP: 37, REWARD: [0. 0.], TERMINATED: False, TRUNCATED: False, AGENTS DONE: {'which_agents_done': {0: False, 1: False}, 'which_agents_learning': {0: True, 1: False}}
INFO:root:STEP: 38, REWARD: [0. 0.], TERMINATED: False, TRUNCATED: False, AGENTS DONE: {'which_agents_done': {0: False, 1: False}, 'which_agents_learning': {0: True, 1: False}}
INFO:root:STEP: 39, REWARD: [0. 0.], TERMINATED: False, TRUNCATED: False, AGENTS DONE: {'which_agents_done': {0: False, 1: False}, 'which_agents_learning': {0: True, 1: False}}
INFO:root:STEP: 40, REWARD: [0. 0.], TERMINATED: False, TRUNCATED: False, AGENTS DONE: {'which_agents_done': {0: False, 1: False}, 'which_agents_learning': {0: True, 1: False}}
INFO:root:STEP: 41, REWARD: [0. 0.], TERMINATED: False, TRUNCATED: False, AGENTS DONE: {'which_agents_done': {0: False, 1: False}, 'which_agents_learning': {0: True, 1: False}}
INFO:root:STEP: 42, REWARD: [0. 0.], TERMINATED: False, TRUNCATED: False, AGENTS DONE: {'which_agents_done': {0: False, 1: False}, 'which_agents_learning': {0: True, 1: False}}
INFO:root:STEP: 43, REWARD: [0. 0.], TERMINATED: False, TRUNCATED: False, AGENTS DONE: {'which_agents_done': {0: False, 1: False}, 'which_agents_learning': {0: True, 1: False}}
INFO:root:STEP: 44, REWARD: [0. 0.], TERMINATED: False, TRUNCATED: False, AGENTS DONE: {'which_agents_done': {0: False, 1: False}, 'which_agents_learning': {0: True, 1: False}}
INFO:root:STEP: 45, REWARD: [0. 0.], TERMINATED: False, TRUNCATED: False, AGENTS DONE: {'which_agents_done': {0: False, 1: False}, 'which_agents_learning': {0: True, 1: False}}
INFO:root:STEP: 46, REWARD: [0. 0.], TERMINATED: False, TRUNCATED: False, AGENTS DONE: {'which_agents_done': {0: False, 1: False}, 'which_agents_learning': {0: True, 1: False}}
INFO:root:STEP: 47, REWARD: [0. 0.], TERMINATED: False, TRUNCATED: False, AGENTS DONE: {'which_agents_done': {0: False, 1: False}, 'which_agents_learning': {0: True, 1: False}}
INFO:root:STEP: 48, REWARD: [0. 0.], TERMINATED: False, TRUNCATED: False, AGENTS DONE: {'which_agents_done': {0: False, 1: False}, 'which_agents_learning': {0: True, 1: False}}
INFO:root:STEP: 49, REWARD: [0. 0.], TERMINATED: False, TRUNCATED: False, AGENTS DONE: {'which_agents_done': {0: False, 1: False}, 'which_agents_learning': {0: True, 1: False}}
INFO:root:STEP: 50, REWARD: [0. 0.], TERMINATED: False, TRUNCATED: False, AGENTS DONE: {'which_agents_done': {0: False, 1: False}, 'which_agents_learning': {0: True, 1: False}}
INFO:root:STEP: 51, REWARD: [0. 0.], TERMINATED: False, TRUNCATED: False, AGENTS DONE: {'which_agents_done': {0: False, 1: False}, 'which_agents_learning': {0: True, 1: False}}
INFO:root:STEP: 52, REWARD: [0. 0.], TERMINATED: False, TRUNCATED: False, AGENTS DONE: {'which_agents_done': {0: False, 1: False}, 'which_agents_learning': {0: True, 1: False}}
INFO:root:STEP: 53, REWARD: [0. 0.], TERMINATED: False, TRUNCATED: False, AGENTS DONE: {'which_agents_done': {0: False, 1: False}, 'which_agents_learning': {0: True, 1: False}}
INFO:root:STEP: 54, REWARD: [0. 0.], TERMINATED: False, TRUNCATED: False, AGENTS DONE: {'which_agents_done': {0: False, 1: False}, 'which_agents_learning': {0: True, 1: False}}
INFO:root:STEP: 55, REWARD: [0. 0.], TERMINATED: False, TRUNCATED: False, AGENTS DONE: {'which_agents_done': {0: False, 1: False}, 'which_agents_learning': {0: True, 1: False}}
INFO:root:STEP: 56, REWARD: [0. 0.], TERMINATED: False, TRUNCATED: False, AGENTS DONE: {'which_agents_done': {0: False, 1: False}, 'which_agents_learning': {0: True, 1: False}}
INFO:root:STEP: 57, REWARD: [0. 0.], TERMINATED: False, TRUNCATED: False, AGENTS DONE: {'which_agents_done': {0: False, 1: False}, 'which_agents_learning': {0: True, 1: False}}
INFO:root:STEP: 58, REWARD: [0. 0.], TERMINATED: False, TRUNCATED: False, AGENTS DONE: {'which_agents_done': {0: False, 1: False}, 'which_agents_learning': {0: True, 1: False}}
INFO:root:STEP: 59, REWARD: [0. 0.], TERMINATED: False, TRUNCATED: False, AGENTS DONE: {'which_agents_done': {0: False, 1: False}, 'which_agents_learning': {0: True, 1: False}}
INFO:root:STEP: 60, REWARD: [0. 0.], TERMINATED: False, TRUNCATED: False, AGENTS DONE: {'which_agents_done': {0: False, 1: False}, 'which_agents_learning': {0: True, 1: False}}
INFO:root:STEP: 61, REWARD: [0. 0.], TERMINATED: False, TRUNCATED: False, AGENTS DONE: {'which_agents_done': {0: False, 1: False}, 'which_agents_learning': {0: True, 1: False}}
INFO:root:STEP: 62, REWARD: [0. 0.], TERMINATED: False, TRUNCATED: False, AGENTS DONE: {'which_agents_done': {0: False, 1: False}, 'which_agents_learning': {0: True, 1: False}}
INFO:root:STEP: 63, REWARD: [0. 0.], TERMINATED: False, TRUNCATED: False, AGENTS DONE: {'which_agents_done': {0: False, 1: False}, 'which_agents_learning': {0: True, 1: False}}
INFO:root:STEP: 64, REWARD: [0. 0.], TERMINATED: False, TRUNCATED: False, AGENTS DONE: {'which_agents_done': {0: False, 1: False}, 'which_agents_learning': {0: True, 1: False}}
INFO:root:STEP: 65, REWARD: [0. 0.], TERMINATED: False, TRUNCATED: False, AGENTS DONE: {'which_agents_done': {0: False, 1: False}, 'which_agents_learning': {0: True, 1: False}}
INFO:root:STEP: 66, REWARD: [0. 0.], TERMINATED: False, TRUNCATED: False, AGENTS DONE: {'which_agents_done': {0: False, 1: False}, 'which_agents_learning': {0: True, 1: False}}
INFO:root:STEP: 67, REWARD: [0. 0.], TERMINATED: False, TRUNCATED: False, AGENTS DONE: {'which_agents_done': {0: False, 1: False}, 'which_agents_learning': {0: True, 1: False}}
INFO:root:STEP: 68, REWARD: [0. 0.], TERMINATED: False, TRUNCATED: False, AGENTS DONE: {'which_agents_done': {0: False, 1: False}, 'which_agents_learning': {0: True, 1: False}}
INFO:root:STEP: 69, REWARD: [0. 0.], TERMINATED: False, TRUNCATED: False, AGENTS DONE: {'which_agents_done': {0: False, 1: False}, 'which_agents_learning': {0: True, 1: False}}
INFO:root:STEP: 70, REWARD: [0. 0.], TERMINATED: False, TRUNCATED: False, AGENTS DONE: {'which_agents_done': {0: False, 1: False}, 'which_agents_learning': {0: True, 1: False}}
INFO:root:STEP: 71, REWARD: [0. 0.], TERMINATED: False, TRUNCATED: False, AGENTS DONE: {'which_agents_done': {0: False, 1: False}, 'which_agents_learning': {0: True, 1: False}}
INFO:root:STEP: 72, REWARD: [0. 0.], TERMINATED: False, TRUNCATED: False, AGENTS DONE: {'which_agents_done': {0: False, 1: False}, 'which_agents_learning': {0: True, 1: False}}
INFO:root:STEP: 73, REWARD: [0. 0.], TERMINATED: False, TRUNCATED: False, AGENTS DONE: {'which_agents_done': {0: False, 1: False}, 'which_agents_learning': {0: True, 1: False}}
INFO:root:STEP: 74, REWARD: [0. 0.], TERMINATED: False, TRUNCATED: False, AGENTS DONE: {'which_agents_done': {0: False, 1: False}, 'which_agents_learning': {0: True, 1: False}}
INFO:root:STEP: 75, REWARD: [0. 0.], TERMINATED: False, TRUNCATED: False, AGENTS DONE: {'which_agents_done': {0: False, 1: False}, 'which_agents_learning': {0: True, 1: False}}
INFO:root:STEP: 76, REWARD: [0. 0.], TERMINATED: False, TRUNCATED: False, AGENTS DONE: {'which_agents_done': {0: False, 1: False}, 'which_agents_learning': {0: True, 1: False}}
INFO:root:STEP: 77, REWARD: [0. 0.], TERMINATED: False, TRUNCATED: False, AGENTS DONE: {'which_agents_done': {0: False, 1: False}, 'which_agents_learning': {0: True, 1: False}}
INFO:root:STEP: 78, REWARD: [0. 0.], TERMINATED: False, TRUNCATED: False, AGENTS DONE: {'which_agents_done': {0: False, 1: False}, 'which_agents_learning': {0: True, 1: False}}
INFO:root:STEP: 79, REWARD: [0. 0.], TERMINATED: False, TRUNCATED: False, AGENTS DONE: {'which_agents_done': {0: False, 1: False}, 'which_agents_learning': {0: True, 1: False}}
INFO:root:STEP: 80, REWARD: [0. 0.], TERMINATED: False, TRUNCATED: False, AGENTS DONE: {'which_agents_done': {0: False, 1: False}, 'which_agents_learning': {0: True, 1: False}}
INFO:root:STEP: 81, REWARD: [0. 0.], TERMINATED: False, TRUNCATED: False, AGENTS DONE: {'which_agents_done': {0: False, 1: False}, 'which_agents_learning': {0: True, 1: False}}
INFO:root:STEP: 82, REWARD: [0. 1.], TERMINATED: False, TRUNCATED: False, AGENTS DONE: {'which_agents_done': {0: False, 1: True}, 'which_agents_learning': {0: True, 1: False}}
INFO:root:STEP: 83, REWARD: [0. 0.], TERMINATED: False, TRUNCATED: False, AGENTS DONE: {'which_agents_done': {0: False, 1: True}, 'which_agents_learning': {0: True, 1: False}}
INFO:root:STEP: 84, REWARD: [0. 0.], TERMINATED: False, TRUNCATED: False, AGENTS DONE: {'which_agents_done': {0: False, 1: True}, 'which_agents_learning': {0: True, 1: False}}
INFO:root:STEP: 85, REWARD: [0. 0.], TERMINATED: False, TRUNCATED: False, AGENTS DONE: {'which_agents_done': {0: False, 1: True}, 'which_agents_learning': {0: True, 1: False}}
INFO:root:STEP: 86, REWARD: [0. 0.], TERMINATED: False, TRUNCATED: False, AGENTS DONE: {'which_agents_done': {0: False, 1: True}, 'which_agents_learning': {0: True, 1: False}}
INFO:root:STEP: 87, REWARD: [0. 0.], TERMINATED: False, TRUNCATED: False, AGENTS DONE: {'which_agents_done': {0: False, 1: True}, 'which_agents_learning': {0: True, 1: False}}
INFO:root:STEP: 88, REWARD: [0. 0.], TERMINATED: False, TRUNCATED: False, AGENTS DONE: {'which_agents_done': {0: False, 1: True}, 'which_agents_learning': {0: True, 1: False}}
INFO:root:STEP: 89, REWARD: [0. 0.], TERMINATED: False, TRUNCATED: False, AGENTS DONE: {'which_agents_done': {0: False, 1: True}, 'which_agents_learning': {0: True, 1: False}}
INFO:root:STEP: 90, REWARD: [0. 0.], TERMINATED: False, TRUNCATED: False, AGENTS DONE: {'which_agents_done': {0: False, 1: True}, 'which_agents_learning': {0: True, 1: False}}
INFO:root:STEP: 91, REWARD: [0. 0.], TERMINATED: False, TRUNCATED: False, AGENTS DONE: {'which_agents_done': {0: False, 1: True}, 'which_agents_learning': {0: True, 1: False}}
INFO:root:STEP: 92, REWARD: [0. 0.], TERMINATED: False, TRUNCATED: False, AGENTS DONE: {'which_agents_done': {0: False, 1: True}, 'which_agents_learning': {0: True, 1: False}}
INFO:root:STEP: 93, REWARD: [0. 0.], TERMINATED: False, TRUNCATED: False, AGENTS DONE: {'which_agents_done': {0: False, 1: True}, 'which_agents_learning': {0: True, 1: False}}
INFO:root:STEP: 94, REWARD: [0. 0.], TERMINATED: False, TRUNCATED: False, AGENTS DONE: {'which_agents_done': {0: False, 1: True}, 'which_agents_learning': {0: True, 1: False}}
INFO:root:STEP: 95, REWARD: [0. 0.], TERMINATED: False, TRUNCATED: False, AGENTS DONE: {'which_agents_done': {0: False, 1: True}, 'which_agents_learning': {0: True, 1: False}}
INFO:root:STEP: 96, REWARD: [0. 0.], TERMINATED: False, TRUNCATED: False, AGENTS DONE: {'which_agents_done': {0: False, 1: True}, 'which_agents_learning': {0: True, 1: False}}
INFO:root:STEP: 97, REWARD: [0. 0.], TERMINATED: False, TRUNCATED: False, AGENTS DONE: {'which_agents_done': {0: False, 1: True}, 'which_agents_learning': {0: True, 1: False}}
INFO:root:STEP: 98, REWARD: [0. 0.], TERMINATED: False, TRUNCATED: False, AGENTS DONE: {'which_agents_done': {0: False, 1: True}, 'which_agents_learning': {0: True, 1: False}}
INFO:root:STEP: 99, REWARD: [0. 0.], TERMINATED: False, TRUNCATED: False, AGENTS DONE: {'which_agents_done': {0: False, 1: True}, 'which_agents_learning': {0: True, 1: False}}
DEBUG:PIL.PngImagePlugin:STREAM b'IHDR' 16 13
DEBUG:PIL.PngImagePlugin:STREAM b'tEXt' 41 57
DEBUG:PIL.PngImagePlugin:STREAM b'pHYs' 110 9
DEBUG:PIL.PngImagePlugin:STREAM b'IDAT' 131 30912
DEBUG:PIL.PngImagePlugin:STREAM b'IHDR' 16 13
DEBUG:PIL.PngImagePlugin:STREAM b'tEXt' 41 57
DEBUG:PIL.PngImagePlugin:STREAM b'pHYs' 110 9
DEBUG:PIL.PngImagePlugin:STREAM b'IDAT' 131 37874
DEBUG:PIL.PngImagePlugin:STREAM b'IHDR' 16 13
DEBUG:PIL.PngImagePlugin:STREAM b'tEXt' 41 57
DEBUG:PIL.PngImagePlugin:STREAM b'pHYs' 110 9
DEBUG:PIL.PngImagePlugin:STREAM b'IDAT' 131 40221
DEBUG:PIL.PngImagePlugin:STREAM b'IHDR' 16 13
DEBUG:PIL.PngImagePlugin:STREAM b'tEXt' 41 57
DEBUG:PIL.PngImagePlugin:STREAM b'pHYs' 110 9
DEBUG:PIL.PngImagePlugin:STREAM b'IDAT' 131 45491
DEBUG:PIL.PngImagePlugin:STREAM b'IHDR' 16 13
DEBUG:PIL.PngImagePlugin:STREAM b'tEXt' 41 57
DEBUG:PIL.PngImagePlugin:STREAM b'pHYs' 110 9
DEBUG:PIL.PngImagePlugin:STREAM b'IDAT' 131 48854
DEBUG:PIL.PngImagePlugin:STREAM b'IHDR' 16 13
DEBUG:PIL.PngImagePlugin:STREAM b'tEXt' 41 57
DEBUG:PIL.PngImagePlugin:STREAM b'pHYs' 110 9
DEBUG:PIL.PngImagePlugin:STREAM b'IDAT' 131 55087
DEBUG:PIL.PngImagePlugin:STREAM b'IHDR' 16 13
DEBUG:PIL.PngImagePlugin:STREAM b'tEXt' 41 57
DEBUG:PIL.PngImagePlugin:STREAM b'pHYs' 110 9
DEBUG:PIL.PngImagePlugin:STREAM b'IDAT' 131 60417
DEBUG:PIL.PngImagePlugin:STREAM b'IHDR' 16 13
DEBUG:PIL.PngImagePlugin:STREAM b'tEXt' 41 57
DEBUG:PIL.PngImagePlugin:STREAM b'pHYs' 110 9
DEBUG:PIL.PngImagePlugin:STREAM b'IDAT' 131 64924
DEBUG:PIL.PngImagePlugin:STREAM b'IHDR' 16 13
DEBUG:PIL.PngImagePlugin:STREAM b'tEXt' 41 57
DEBUG:PIL.PngImagePlugin:STREAM b'pHYs' 110 9
DEBUG:PIL.PngImagePlugin:STREAM b'IDAT' 131 65536
DEBUG:PIL.PngImagePlugin:STREAM b'IHDR' 16 13
DEBUG:PIL.PngImagePlugin:STREAM b'tEXt' 41 57
DEBUG:PIL.PngImagePlugin:STREAM b'pHYs' 110 9
DEBUG:PIL.PngImagePlugin:STREAM b'IDAT' 131 65536
DEBUG:PIL.PngImagePlugin:STREAM b'IHDR' 16 13
DEBUG:PIL.PngImagePlugin:STREAM b'tEXt' 41 57
DEBUG:PIL.PngImagePlugin:STREAM b'pHYs' 110 9
DEBUG:PIL.PngImagePlugin:STREAM b'IDAT' 131 65536
DEBUG:PIL.PngImagePlugin:STREAM b'IHDR' 16 13
DEBUG:PIL.PngImagePlugin:STREAM b'tEXt' 41 57
DEBUG:PIL.PngImagePlugin:STREAM b'pHYs' 110 9
DEBUG:PIL.PngImagePlugin:STREAM b'IDAT' 131 65536
DEBUG:PIL.PngImagePlugin:STREAM b'IHDR' 16 13
DEBUG:PIL.PngImagePlugin:STREAM b'tEXt' 41 57
DEBUG:PIL.PngImagePlugin:STREAM b'pHYs' 110 9
DEBUG:PIL.PngImagePlugin:STREAM b'IDAT' 131 65536
DEBUG:PIL.PngImagePlugin:STREAM b'IHDR' 16 13
DEBUG:PIL.PngImagePlugin:STREAM b'tEXt' 41 57
DEBUG:PIL.PngImagePlugin:STREAM b'pHYs' 110 9
DEBUG:PIL.PngImagePlugin:STREAM b'IDAT' 131 65536
DEBUG:PIL.PngImagePlugin:STREAM b'IHDR' 16 13
DEBUG:PIL.PngImagePlugin:STREAM b'tEXt' 41 57
DEBUG:PIL.PngImagePlugin:STREAM b'pHYs' 110 9
DEBUG:PIL.PngImagePlugin:STREAM b'IDAT' 131 65536
DEBUG:PIL.PngImagePlugin:STREAM b'IHDR' 16 13
DEBUG:PIL.PngImagePlugin:STREAM b'tEXt' 41 57
DEBUG:PIL.PngImagePlugin:STREAM b'pHYs' 110 9
DEBUG:PIL.PngImagePlugin:STREAM b'IDAT' 131 65536
DEBUG:PIL.PngImagePlugin:STREAM b'IHDR' 16 13
DEBUG:PIL.PngImagePlugin:STREAM b'tEXt' 41 57
DEBUG:PIL.PngImagePlugin:STREAM b'pHYs' 110 9
DEBUG:PIL.PngImagePlugin:STREAM b'IDAT' 131 65536
DEBUG:PIL.PngImagePlugin:STREAM b'IHDR' 16 13
DEBUG:PIL.PngImagePlugin:STREAM b'tEXt' 41 57
DEBUG:PIL.PngImagePlugin:STREAM b'pHYs' 110 9
DEBUG:PIL.PngImagePlugin:STREAM b'IDAT' 131 65536
DEBUG:PIL.PngImagePlugin:STREAM b'IHDR' 16 13
DEBUG:PIL.PngImagePlugin:STREAM b'tEXt' 41 57
DEBUG:PIL.PngImagePlugin:STREAM b'pHYs' 110 9
DEBUG:PIL.PngImagePlugin:STREAM b'IDAT' 131 65536
DEBUG:PIL.PngImagePlugin:STREAM b'IHDR' 16 13
DEBUG:PIL.PngImagePlugin:STREAM b'tEXt' 41 57
DEBUG:PIL.PngImagePlugin:STREAM b'pHYs' 110 9
DEBUG:PIL.PngImagePlugin:STREAM b'IDAT' 131 65536
DEBUG:PIL.PngImagePlugin:STREAM b'IHDR' 16 13
DEBUG:PIL.PngImagePlugin:STREAM b'tEXt' 41 57
DEBUG:PIL.PngImagePlugin:STREAM b'pHYs' 110 9
DEBUG:PIL.PngImagePlugin:STREAM b'IDAT' 131 65536
DEBUG:PIL.PngImagePlugin:STREAM b'IHDR' 16 13
DEBUG:PIL.PngImagePlugin:STREAM b'tEXt' 41 57
DEBUG:PIL.PngImagePlugin:STREAM b'pHYs' 110 9
DEBUG:PIL.PngImagePlugin:STREAM b'IDAT' 131 65536
DEBUG:PIL.PngImagePlugin:STREAM b'IHDR' 16 13
DEBUG:PIL.PngImagePlugin:STREAM b'tEXt' 41 57
DEBUG:PIL.PngImagePlugin:STREAM b'pHYs' 110 9
DEBUG:PIL.PngImagePlugin:STREAM b'IDAT' 131 65536
DEBUG:PIL.PngImagePlugin:STREAM b'IHDR' 16 13
DEBUG:PIL.PngImagePlugin:STREAM b'tEXt' 41 57
DEBUG:PIL.PngImagePlugin:STREAM b'pHYs' 110 9
DEBUG:PIL.PngImagePlugin:STREAM b'IDAT' 131 65536
DEBUG:PIL.PngImagePlugin:STREAM b'IHDR' 16 13
DEBUG:PIL.PngImagePlugin:STREAM b'tEXt' 41 57
DEBUG:PIL.PngImagePlugin:STREAM b'pHYs' 110 9
DEBUG:PIL.PngImagePlugin:STREAM b'IDAT' 131 65536
DEBUG:PIL.PngImagePlugin:STREAM b'IHDR' 16 13
DEBUG:PIL.PngImagePlugin:STREAM b'tEXt' 41 57
DEBUG:PIL.PngImagePlugin:STREAM b'pHYs' 110 9
DEBUG:PIL.PngImagePlugin:STREAM b'IDAT' 131 65536
DEBUG:PIL.PngImagePlugin:STREAM b'IHDR' 16 13
DEBUG:PIL.PngImagePlugin:STREAM b'tEXt' 41 57
DEBUG:PIL.PngImagePlugin:STREAM b'pHYs' 110 9
DEBUG:PIL.PngImagePlugin:STREAM b'IDAT' 131 65536
DEBUG:PIL.PngImagePlugin:STREAM b'IHDR' 16 13
DEBUG:PIL.PngImagePlugin:STREAM b'tEXt' 41 57
DEBUG:PIL.PngImagePlugin:STREAM b'pHYs' 110 9
DEBUG:PIL.PngImagePlugin:STREAM b'IDAT' 131 65536
DEBUG:PIL.PngImagePlugin:STREAM b'IHDR' 16 13
DEBUG:PIL.PngImagePlugin:STREAM b'tEXt' 41 57
DEBUG:PIL.PngImagePlugin:STREAM b'pHYs' 110 9
DEBUG:PIL.PngImagePlugin:STREAM b'IDAT' 131 65536
DEBUG:PIL.PngImagePlugin:STREAM b'IHDR' 16 13
DEBUG:PIL.PngImagePlugin:STREAM b'tEXt' 41 57
DEBUG:PIL.PngImagePlugin:STREAM b'pHYs' 110 9
DEBUG:PIL.PngImagePlugin:STREAM b'IDAT' 131 65536
INFO:root:finished
